<?xml version="1.0" encoding="UTF-8"?>
<testng-results ignored="0" total="1" passed="1" failed="0" skipped="0">
  <reporter-output>
  </reporter-output>
  <suite started-at="2024-07-31T18:41:10 IST" name="Suite" finished-at="2024-07-31T18:41:34 IST" duration-ms="23387">
    <groups>
    </groups>
    <test started-at="2024-07-31T18:41:10 IST" name="Test" finished-at="2024-07-31T18:41:34 IST" duration-ms="23387">
      <class name="repopack.classrepo">
        <test-method is-config="true" signature="beforeMethod()[pri:0, instance:repopack.classrepo@18078bef]" started-at="2024-07-31T18:41:10 IST" name="beforeMethod" finished-at="2024-07-31T18:41:27 IST" duration-ms="16713" status="PASS">
          <reporter-output>
          </reporter-output>
        </test-method> <!-- beforeMethod -->
        <test-method signature="f()[pri:0, instance:repopack.classrepo@18078bef]" started-at="2024-07-31T18:41:27 IST" name="f" finished-at="2024-07-31T18:41:34 IST" duration-ms="6633" status="PASS">
          <reporter-output>
          </reporter-output>
        </test-method> <!-- f -->
      </class> <!-- repopack.classrepo -->
    </test> <!-- Test -->
  </suite> <!-- Suite -->
</testng-results>
