<?xml version="1.0" encoding="UTF-8"?>
<testng-results ignored="0" total="2" passed="2" failed="0" skipped="0">
  <reporter-output>
  </reporter-output>
  <suite started-at="2024-07-31T19:30:36 IST" name="Suite" finished-at="2024-07-31T19:31:01 IST" duration-ms="24184">
    <groups>
    </groups>
    <test started-at="2024-07-31T19:30:36 IST" name="Test" finished-at="2024-07-31T19:31:01 IST" duration-ms="24184">
      <class name="repopack.classrepo">
        <test-method is-config="true" signature="beforeMethod()[pri:0, instance:repopack.classrepo@2a4fb17b]" started-at="2024-07-31T19:30:36 IST" name="beforeMethod" finished-at="2024-07-31T19:30:54 IST" duration-ms="17140" status="PASS">
          <reporter-output>
          </reporter-output>
        </test-method> <!-- beforeMethod -->
        <test-method signature="f()[pri:0, instance:repopack.classrepo@2a4fb17b]" started-at="2024-07-31T19:30:54 IST" name="f" finished-at="2024-07-31T19:31:00 IST" duration-ms="6680" status="PASS">
          <reporter-output>
          </reporter-output>
        </test-method> <!-- f -->
        <test-method is-config="true" signature="afterMethod()[pri:0, instance:repopack.classrepo@2a4fb17b]" started-at="2024-07-31T19:31:00 IST" name="afterMethod" finished-at="2024-07-31T19:31:01 IST" duration-ms="296" status="PASS">
          <reporter-output>
          </reporter-output>
        </test-method> <!-- afterMethod -->
      </class> <!-- repopack.classrepo -->
      <class name="repopack.NewTest">
        <test-method signature="f()[pri:0, instance:repopack.NewTest@799f10e1]" started-at="2024-07-31T19:30:36 IST" name="f" finished-at="2024-07-31T19:30:36 IST" duration-ms="10" status="PASS">
          <reporter-output>
          </reporter-output>
        </test-method> <!-- f -->
      </class> <!-- repopack.NewTest -->
    </test> <!-- Test -->
  </suite> <!-- Suite -->
</testng-results>
